<?xml version="1.0" encoding="UTF-8"?>
<!-- Generated by org.testng.reporters.JUnitReportReporter -->
<testsuite hostname="DESKTOP-MJU1OSN" failures="0" tests="1" name="com.portal.tests.TestN1" time="13.518" errors="0" timestamp="2021-04-15T18:01:31 PET" skipped="0">
  <testcase classname="com.portal.tests.TestN1" name="goToLoginSection" time="13.518"/>
  <system-out/>
</testsuite> <!-- com.portal.tests.TestN1 -->
